DEBUG:tweepy.binder:PARAMS: {}
DEBUG:requests_oauthlib.oauth1_auth:Signing request <PreparedRequest [GET]> using client <Client client_key=9FiUHtNX16o6CMYdSybDOjQGl, client_secret=****, resource_owner_key=1139468082957545473-drQIwb6TeQOzH1eWBOgTSaD1dgMl3u, resource_owner_secret=****, signature_method=HMAC-SHA1, signature_type=AUTH_HEADER, callback_uri=None, rsa_key=None, verifier=None, realm=None, encoding=utf-8, decoding=None, nonce=None, timestamp=None>
DEBUG:requests_oauthlib.oauth1_auth:Including body in call to sign: False
DEBUG:oauthlib.oauth1.rfc5849:Collected params: [('oauth_nonce', '32214952287404867441592799139'), ('oauth_timestamp', '1592799139'), ('oauth_version', '1.0'), ('oauth_signature_method', 'HMAC-SHA1'), ('oauth_consumer_key', '9FiUHtNX16o6CMYdSybDOjQGl'), ('oauth_token', '1139468082957545473-drQIwb6TeQOzH1eWBOgTSaD1dgMl3u')]
DEBUG:oauthlib.oauth1.rfc5849:Normalized params: oauth_consumer_key=9FiUHtNX16o6CMYdSybDOjQGl&oauth_nonce=32214952287404867441592799139&oauth_signature_method=HMAC-SHA1&oauth_timestamp=1592799139&oauth_token=1139468082957545473-drQIwb6TeQOzH1eWBOgTSaD1dgMl3u&oauth_version=1.0
DEBUG:oauthlib.oauth1.rfc5849:Normalized URI: https://api.twitter.com/1.1/account/verify_credentials.json
DEBUG:oauthlib.oauth1.rfc5849:Signing: signature base string: GET&https%3A%2F%2Fapi.twitter.com%2F1.1%2Faccount%2Fverify_credentials.json&oauth_consumer_key%3D9FiUHtNX16o6CMYdSybDOjQGl%26oauth_nonce%3D32214952287404867441592799139%26oauth_signature_method%3DHMAC-SHA1%26oauth_timestamp%3D1592799139%26oauth_token%3D1139468082957545473-drQIwb6TeQOzH1eWBOgTSaD1dgMl3u%26oauth_version%3D1.0
DEBUG:oauthlib.oauth1.rfc5849:Signature: duTNNkm5lnA8bKvB9g4l27dSXaw=
DEBUG:requests_oauthlib.oauth1_auth:Updated url: https://api.twitter.com/1.1/account/verify_credentials.json
DEBUG:requests_oauthlib.oauth1_auth:Updated headers: {'Host': 'api.twitter.com', 'Authorization': 'OAuth oauth_nonce="32214952287404867441592799139", oauth_timestamp="1592799139", oauth_version="1.0", oauth_signature_method="HMAC-SHA1", oauth_consumer_key="9FiUHtNX16o6CMYdSybDOjQGl", oauth_token="1139468082957545473-drQIwb6TeQOzH1eWBOgTSaD1dgMl3u", oauth_signature="duTNNkm5lnA8bKvB9g4l27dSXaw%3D"'}
DEBUG:requests_oauthlib.oauth1_auth:Updated body: None
DEBUG:urllib3.connectionpool:Starting new HTTPS connection (1): api.twitter.com:443
DEBUG:urllib3.connectionpool:https://api.twitter.com:443 "GET /1.1/account/verify_credentials.json HTTP/1.1" 200 3630
INFO:root:API created
INFO:root:Retrieving mentions
DEBUG:tweepy.binder:PARAMS: {}
DEBUG:requests_oauthlib.oauth1_auth:Signing request <PreparedRequest [GET]> using client <Client client_key=9FiUHtNX16o6CMYdSybDOjQGl, client_secret=****, resource_owner_key=1139468082957545473-drQIwb6TeQOzH1eWBOgTSaD1dgMl3u, resource_owner_secret=****, signature_method=HMAC-SHA1, signature_type=AUTH_HEADER, callback_uri=None, rsa_key=None, verifier=None, realm=None, encoding=utf-8, decoding=None, nonce=None, timestamp=None>
DEBUG:requests_oauthlib.oauth1_auth:Including body in call to sign: False
DEBUG:oauthlib.oauth1.rfc5849:Collected params: [('oauth_nonce', '64891746622685734341592799232'), ('oauth_timestamp', '1592799232'), ('oauth_version', '1.0'), ('oauth_signature_method', 'HMAC-SHA1'), ('oauth_consumer_key', '9FiUHtNX16o6CMYdSybDOjQGl'), ('oauth_token', '1139468082957545473-drQIwb6TeQOzH1eWBOgTSaD1dgMl3u')]
DEBUG:oauthlib.oauth1.rfc5849:Normalized params: oauth_consumer_key=9FiUHtNX16o6CMYdSybDOjQGl&oauth_nonce=64891746622685734341592799232&oauth_signature_method=HMAC-SHA1&oauth_timestamp=1592799232&oauth_token=1139468082957545473-drQIwb6TeQOzH1eWBOgTSaD1dgMl3u&oauth_version=1.0
DEBUG:oauthlib.oauth1.rfc5849:Normalized URI: https://api.twitter.com/1.1/account/verify_credentials.json
DEBUG:oauthlib.oauth1.rfc5849:Signing: signature base string: GET&https%3A%2F%2Fapi.twitter.com%2F1.1%2Faccount%2Fverify_credentials.json&oauth_consumer_key%3D9FiUHtNX16o6CMYdSybDOjQGl%26oauth_nonce%3D64891746622685734341592799232%26oauth_signature_method%3DHMAC-SHA1%26oauth_timestamp%3D1592799232%26oauth_token%3D1139468082957545473-drQIwb6TeQOzH1eWBOgTSaD1dgMl3u%26oauth_version%3D1.0
DEBUG:oauthlib.oauth1.rfc5849:Signature: XCde7udaYXwGLMqmSrXhdcFYM9g=
DEBUG:requests_oauthlib.oauth1_auth:Updated url: https://api.twitter.com/1.1/account/verify_credentials.json
DEBUG:requests_oauthlib.oauth1_auth:Updated headers: {'Host': 'api.twitter.com', 'Authorization': 'OAuth oauth_nonce="64891746622685734341592799232", oauth_timestamp="1592799232", oauth_version="1.0", oauth_signature_method="HMAC-SHA1", oauth_consumer_key="9FiUHtNX16o6CMYdSybDOjQGl", oauth_token="1139468082957545473-drQIwb6TeQOzH1eWBOgTSaD1dgMl3u", oauth_signature="XCde7udaYXwGLMqmSrXhdcFYM9g%3D"'}
DEBUG:requests_oauthlib.oauth1_auth:Updated body: None
DEBUG:urllib3.connectionpool:Starting new HTTPS connection (1): api.twitter.com:443
DEBUG:urllib3.connectionpool:https://api.twitter.com:443 "GET /1.1/account/verify_credentials.json HTTP/1.1" 200 3630
INFO:root:API created
INFO:root:Retrieving mentions
DEBUG:tweepy.binder:PARAMS: {'since_id': b'1'}
DEBUG:requests_oauthlib.oauth1_auth:Signing request <PreparedRequest [GET]> using client <Client client_key=9FiUHtNX16o6CMYdSybDOjQGl, client_secret=****, resource_owner_key=1139468082957545473-drQIwb6TeQOzH1eWBOgTSaD1dgMl3u, resource_owner_secret=****, signature_method=HMAC-SHA1, signature_type=AUTH_HEADER, callback_uri=None, rsa_key=None, verifier=None, realm=None, encoding=utf-8, decoding=None, nonce=None, timestamp=None>
DEBUG:requests_oauthlib.oauth1_auth:Including body in call to sign: False
DEBUG:oauthlib.oauth1.rfc5849:Collected params: [('since_id', '1'), ('oauth_nonce', '9941171582205271851592799233'), ('oauth_timestamp', '1592799233'), ('oauth_version', '1.0'), ('oauth_signature_method', 'HMAC-SHA1'), ('oauth_consumer_key', '9FiUHtNX16o6CMYdSybDOjQGl'), ('oauth_token', '1139468082957545473-drQIwb6TeQOzH1eWBOgTSaD1dgMl3u')]
DEBUG:oauthlib.oauth1.rfc5849:Normalized params: oauth_consumer_key=9FiUHtNX16o6CMYdSybDOjQGl&oauth_nonce=9941171582205271851592799233&oauth_signature_method=HMAC-SHA1&oauth_timestamp=1592799233&oauth_token=1139468082957545473-drQIwb6TeQOzH1eWBOgTSaD1dgMl3u&oauth_version=1.0&since_id=1
DEBUG:oauthlib.oauth1.rfc5849:Normalized URI: https://api.twitter.com/1.1/statuses/mentions_timeline.json
DEBUG:oauthlib.oauth1.rfc5849:Signing: signature base string: GET&https%3A%2F%2Fapi.twitter.com%2F1.1%2Fstatuses%2Fmentions_timeline.json&oauth_consumer_key%3D9FiUHtNX16o6CMYdSybDOjQGl%26oauth_nonce%3D9941171582205271851592799233%26oauth_signature_method%3DHMAC-SHA1%26oauth_timestamp%3D1592799233%26oauth_token%3D1139468082957545473-drQIwb6TeQOzH1eWBOgTSaD1dgMl3u%26oauth_version%3D1.0%26since_id%3D1
DEBUG:oauthlib.oauth1.rfc5849:Signature: p6rvH0aNWPkD7hAz2FQ7QGxMVWI=
DEBUG:requests_oauthlib.oauth1_auth:Updated url: https://api.twitter.com/1.1/statuses/mentions_timeline.json?since_id=1
DEBUG:requests_oauthlib.oauth1_auth:Updated headers: {'Host': 'api.twitter.com', 'Authorization': 'OAuth oauth_nonce="9941171582205271851592799233", oauth_timestamp="1592799233", oauth_version="1.0", oauth_signature_method="HMAC-SHA1", oauth_consumer_key="9FiUHtNX16o6CMYdSybDOjQGl", oauth_token="1139468082957545473-drQIwb6TeQOzH1eWBOgTSaD1dgMl3u", oauth_signature="p6rvH0aNWPkD7hAz2FQ7QGxMVWI%3D"'}
DEBUG:requests_oauthlib.oauth1_auth:Updated body: None
DEBUG:urllib3.connectionpool:Starting new HTTPS connection (1): api.twitter.com:443
DEBUG:urllib3.connectionpool:https://api.twitter.com:443 "GET /1.1/statuses/mentions_timeline.json?since_id=1 HTTP/1.1" 200 60400
DEBUG:tweepy.binder:PARAMS: {'create': b'True'}
DEBUG:tweepy.binder:PARAMS: {}
DEBUG:requests_oauthlib.oauth1_auth:Signing request <PreparedRequest [GET]> using client <Client client_key=9FiUHtNX16o6CMYdSybDOjQGl, client_secret=****, resource_owner_key=1139468082957545473-drQIwb6TeQOzH1eWBOgTSaD1dgMl3u, resource_owner_secret=****, signature_method=HMAC-SHA1, signature_type=AUTH_HEADER, callback_uri=None, rsa_key=None, verifier=None, realm=None, encoding=utf-8, decoding=None, nonce=None, timestamp=None>
DEBUG:requests_oauthlib.oauth1_auth:Including body in call to sign: False
DEBUG:oauthlib.oauth1.rfc5849:Collected params: [('oauth_nonce', '174486696477080121821592799335'), ('oauth_timestamp', '1592799335'), ('oauth_version', '1.0'), ('oauth_signature_method', 'HMAC-SHA1'), ('oauth_consumer_key', '9FiUHtNX16o6CMYdSybDOjQGl'), ('oauth_token', '1139468082957545473-drQIwb6TeQOzH1eWBOgTSaD1dgMl3u')]
DEBUG:oauthlib.oauth1.rfc5849:Normalized params: oauth_consumer_key=9FiUHtNX16o6CMYdSybDOjQGl&oauth_nonce=174486696477080121821592799335&oauth_signature_method=HMAC-SHA1&oauth_timestamp=1592799335&oauth_token=1139468082957545473-drQIwb6TeQOzH1eWBOgTSaD1dgMl3u&oauth_version=1.0
DEBUG:oauthlib.oauth1.rfc5849:Normalized URI: https://api.twitter.com/1.1/account/verify_credentials.json
DEBUG:oauthlib.oauth1.rfc5849:Signing: signature base string: GET&https%3A%2F%2Fapi.twitter.com%2F1.1%2Faccount%2Fverify_credentials.json&oauth_consumer_key%3D9FiUHtNX16o6CMYdSybDOjQGl%26oauth_nonce%3D174486696477080121821592799335%26oauth_signature_method%3DHMAC-SHA1%26oauth_timestamp%3D1592799335%26oauth_token%3D1139468082957545473-drQIwb6TeQOzH1eWBOgTSaD1dgMl3u%26oauth_version%3D1.0
DEBUG:oauthlib.oauth1.rfc5849:Signature: jgNklMS35daqGo3tNFwiSMPzKVg=
DEBUG:requests_oauthlib.oauth1_auth:Updated url: https://api.twitter.com/1.1/account/verify_credentials.json
DEBUG:requests_oauthlib.oauth1_auth:Updated headers: {'Host': 'api.twitter.com', 'Authorization': 'OAuth oauth_nonce="174486696477080121821592799335", oauth_timestamp="1592799335", oauth_version="1.0", oauth_signature_method="HMAC-SHA1", oauth_consumer_key="9FiUHtNX16o6CMYdSybDOjQGl", oauth_token="1139468082957545473-drQIwb6TeQOzH1eWBOgTSaD1dgMl3u", oauth_signature="jgNklMS35daqGo3tNFwiSMPzKVg%3D"'}
DEBUG:requests_oauthlib.oauth1_auth:Updated body: None
DEBUG:urllib3.connectionpool:Starting new HTTPS connection (1): api.twitter.com:443
DEBUG:urllib3.connectionpool:https://api.twitter.com:443 "GET /1.1/account/verify_credentials.json HTTP/1.1" 200 3630
INFO:root:API created
INFO:root:Retrieving mentions
DEBUG:tweepy.binder:PARAMS: {'since_id': b'1'}
DEBUG:requests_oauthlib.oauth1_auth:Signing request <PreparedRequest [GET]> using client <Client client_key=9FiUHtNX16o6CMYdSybDOjQGl, client_secret=****, resource_owner_key=1139468082957545473-drQIwb6TeQOzH1eWBOgTSaD1dgMl3u, resource_owner_secret=****, signature_method=HMAC-SHA1, signature_type=AUTH_HEADER, callback_uri=None, rsa_key=None, verifier=None, realm=None, encoding=utf-8, decoding=None, nonce=None, timestamp=None>
DEBUG:requests_oauthlib.oauth1_auth:Including body in call to sign: False
DEBUG:oauthlib.oauth1.rfc5849:Collected params: [('since_id', '1'), ('oauth_nonce', '34149882287690773581592799337'), ('oauth_timestamp', '1592799337'), ('oauth_version', '1.0'), ('oauth_signature_method', 'HMAC-SHA1'), ('oauth_consumer_key', '9FiUHtNX16o6CMYdSybDOjQGl'), ('oauth_token', '1139468082957545473-drQIwb6TeQOzH1eWBOgTSaD1dgMl3u')]
DEBUG:oauthlib.oauth1.rfc5849:Normalized params: oauth_consumer_key=9FiUHtNX16o6CMYdSybDOjQGl&oauth_nonce=34149882287690773581592799337&oauth_signature_method=HMAC-SHA1&oauth_timestamp=1592799337&oauth_token=1139468082957545473-drQIwb6TeQOzH1eWBOgTSaD1dgMl3u&oauth_version=1.0&since_id=1
DEBUG:oauthlib.oauth1.rfc5849:Normalized URI: https://api.twitter.com/1.1/statuses/mentions_timeline.json
DEBUG:oauthlib.oauth1.rfc5849:Signing: signature base string: GET&https%3A%2F%2Fapi.twitter.com%2F1.1%2Fstatuses%2Fmentions_timeline.json&oauth_consumer_key%3D9FiUHtNX16o6CMYdSybDOjQGl%26oauth_nonce%3D34149882287690773581592799337%26oauth_signature_method%3DHMAC-SHA1%26oauth_timestamp%3D1592799337%26oauth_token%3D1139468082957545473-drQIwb6TeQOzH1eWBOgTSaD1dgMl3u%26oauth_version%3D1.0%26since_id%3D1
DEBUG:oauthlib.oauth1.rfc5849:Signature: GDC4GXgy5hWzrYcG8d+Kix5PZHc=
DEBUG:requests_oauthlib.oauth1_auth:Updated url: https://api.twitter.com/1.1/statuses/mentions_timeline.json?since_id=1
DEBUG:requests_oauthlib.oauth1_auth:Updated headers: {'Host': 'api.twitter.com', 'Authorization': 'OAuth oauth_nonce="34149882287690773581592799337", oauth_timestamp="1592799337", oauth_version="1.0", oauth_signature_method="HMAC-SHA1", oauth_consumer_key="9FiUHtNX16o6CMYdSybDOjQGl", oauth_token="1139468082957545473-drQIwb6TeQOzH1eWBOgTSaD1dgMl3u", oauth_signature="GDC4GXgy5hWzrYcG8d%2BKix5PZHc%3D"'}
DEBUG:requests_oauthlib.oauth1_auth:Updated body: None
DEBUG:urllib3.connectionpool:Starting new HTTPS connection (1): api.twitter.com:443
DEBUG:urllib3.connectionpool:https://api.twitter.com:443 "GET /1.1/statuses/mentions_timeline.json?since_id=1 HTTP/1.1" 200 60400
DEBUG:tweepy.binder:PARAMS: {'create': b'True'}
INFO:root:Replying to Parth Krishna
DEBUG:tweepy.binder:PARAMS: {}
DEBUG:requests_oauthlib.oauth1_auth:Signing request <PreparedRequest [GET]> using client <Client client_key=9FiUHtNX16o6CMYdSybDOjQGl, client_secret=****, resource_owner_key=1139468082957545473-drQIwb6TeQOzH1eWBOgTSaD1dgMl3u, resource_owner_secret=****, signature_method=HMAC-SHA1, signature_type=AUTH_HEADER, callback_uri=None, rsa_key=None, verifier=None, realm=None, encoding=utf-8, decoding=None, nonce=None, timestamp=None>
DEBUG:requests_oauthlib.oauth1_auth:Including body in call to sign: False
DEBUG:oauthlib.oauth1.rfc5849:Collected params: [('oauth_nonce', '91311894214665512241592799541'), ('oauth_timestamp', '1592799541'), ('oauth_version', '1.0'), ('oauth_signature_method', 'HMAC-SHA1'), ('oauth_consumer_key', '9FiUHtNX16o6CMYdSybDOjQGl'), ('oauth_token', '1139468082957545473-drQIwb6TeQOzH1eWBOgTSaD1dgMl3u')]
DEBUG:oauthlib.oauth1.rfc5849:Normalized params: oauth_consumer_key=9FiUHtNX16o6CMYdSybDOjQGl&oauth_nonce=91311894214665512241592799541&oauth_signature_method=HMAC-SHA1&oauth_timestamp=1592799541&oauth_token=1139468082957545473-drQIwb6TeQOzH1eWBOgTSaD1dgMl3u&oauth_version=1.0
DEBUG:oauthlib.oauth1.rfc5849:Normalized URI: https://api.twitter.com/1.1/account/verify_credentials.json
DEBUG:oauthlib.oauth1.rfc5849:Signing: signature base string: GET&https%3A%2F%2Fapi.twitter.com%2F1.1%2Faccount%2Fverify_credentials.json&oauth_consumer_key%3D9FiUHtNX16o6CMYdSybDOjQGl%26oauth_nonce%3D91311894214665512241592799541%26oauth_signature_method%3DHMAC-SHA1%26oauth_timestamp%3D1592799541%26oauth_token%3D1139468082957545473-drQIwb6TeQOzH1eWBOgTSaD1dgMl3u%26oauth_version%3D1.0
DEBUG:oauthlib.oauth1.rfc5849:Signature: wh23oBQSO+MsEruG/Z2MDmbfJ4o=
DEBUG:requests_oauthlib.oauth1_auth:Updated url: https://api.twitter.com/1.1/account/verify_credentials.json
DEBUG:requests_oauthlib.oauth1_auth:Updated headers: {'Host': 'api.twitter.com', 'Authorization': 'OAuth oauth_nonce="91311894214665512241592799541", oauth_timestamp="1592799541", oauth_version="1.0", oauth_signature_method="HMAC-SHA1", oauth_consumer_key="9FiUHtNX16o6CMYdSybDOjQGl", oauth_token="1139468082957545473-drQIwb6TeQOzH1eWBOgTSaD1dgMl3u", oauth_signature="wh23oBQSO%2BMsEruG%2FZ2MDmbfJ4o%3D"'}
DEBUG:requests_oauthlib.oauth1_auth:Updated body: None
DEBUG:urllib3.connectionpool:Starting new HTTPS connection (1): api.twitter.com:443
DEBUG:urllib3.connectionpool:https://api.twitter.com:443 "GET /1.1/account/verify_credentials.json HTTP/1.1" 200 3630
INFO:root:API created
INFO:root:Retrieving mentions
DEBUG:tweepy.binder:PARAMS: {'since_id': b'1'}
DEBUG:requests_oauthlib.oauth1_auth:Signing request <PreparedRequest [GET]> using client <Client client_key=9FiUHtNX16o6CMYdSybDOjQGl, client_secret=****, resource_owner_key=1139468082957545473-drQIwb6TeQOzH1eWBOgTSaD1dgMl3u, resource_owner_secret=****, signature_method=HMAC-SHA1, signature_type=AUTH_HEADER, callback_uri=None, rsa_key=None, verifier=None, realm=None, encoding=utf-8, decoding=None, nonce=None, timestamp=None>
DEBUG:requests_oauthlib.oauth1_auth:Including body in call to sign: False
DEBUG:oauthlib.oauth1.rfc5849:Collected params: [('since_id', '1'), ('oauth_nonce', '46028048395659012901592799542'), ('oauth_timestamp', '1592799542'), ('oauth_version', '1.0'), ('oauth_signature_method', 'HMAC-SHA1'), ('oauth_consumer_key', '9FiUHtNX16o6CMYdSybDOjQGl'), ('oauth_token', '1139468082957545473-drQIwb6TeQOzH1eWBOgTSaD1dgMl3u')]
DEBUG:oauthlib.oauth1.rfc5849:Normalized params: oauth_consumer_key=9FiUHtNX16o6CMYdSybDOjQGl&oauth_nonce=46028048395659012901592799542&oauth_signature_method=HMAC-SHA1&oauth_timestamp=1592799542&oauth_token=1139468082957545473-drQIwb6TeQOzH1eWBOgTSaD1dgMl3u&oauth_version=1.0&since_id=1
DEBUG:oauthlib.oauth1.rfc5849:Normalized URI: https://api.twitter.com/1.1/statuses/mentions_timeline.json
DEBUG:oauthlib.oauth1.rfc5849:Signing: signature base string: GET&https%3A%2F%2Fapi.twitter.com%2F1.1%2Fstatuses%2Fmentions_timeline.json&oauth_consumer_key%3D9FiUHtNX16o6CMYdSybDOjQGl%26oauth_nonce%3D46028048395659012901592799542%26oauth_signature_method%3DHMAC-SHA1%26oauth_timestamp%3D1592799542%26oauth_token%3D1139468082957545473-drQIwb6TeQOzH1eWBOgTSaD1dgMl3u%26oauth_version%3D1.0%26since_id%3D1
DEBUG:oauthlib.oauth1.rfc5849:Signature: CMP6UmIbwcllUgGDX6dZB7/71Xo=
DEBUG:requests_oauthlib.oauth1_auth:Updated url: https://api.twitter.com/1.1/statuses/mentions_timeline.json?since_id=1
DEBUG:requests_oauthlib.oauth1_auth:Updated headers: {'Host': 'api.twitter.com', 'Authorization': 'OAuth oauth_nonce="46028048395659012901592799542", oauth_timestamp="1592799542", oauth_version="1.0", oauth_signature_method="HMAC-SHA1", oauth_consumer_key="9FiUHtNX16o6CMYdSybDOjQGl", oauth_token="1139468082957545473-drQIwb6TeQOzH1eWBOgTSaD1dgMl3u", oauth_signature="CMP6UmIbwcllUgGDX6dZB7%2F71Xo%3D"'}
DEBUG:requests_oauthlib.oauth1_auth:Updated body: None
DEBUG:urllib3.connectionpool:Starting new HTTPS connection (1): api.twitter.com:443
DEBUG:urllib3.connectionpool:https://api.twitter.com:443 "GET /1.1/statuses/mentions_timeline.json?since_id=1 HTTP/1.1" 200 60400
DEBUG:tweepy.binder:PARAMS: {'create': b'True'}
INFO:root:Replying to Parth Krishna
DEBUG:tweepy.binder:PARAMS: {}
DEBUG:requests_oauthlib.oauth1_auth:Signing request <PreparedRequest [GET]> using client <Client client_key=9FiUHtNX16o6CMYdSybDOjQGl, client_secret=****, resource_owner_key=1139468082957545473-drQIwb6TeQOzH1eWBOgTSaD1dgMl3u, resource_owner_secret=****, signature_method=HMAC-SHA1, signature_type=AUTH_HEADER, callback_uri=None, rsa_key=None, verifier=None, realm=None, encoding=utf-8, decoding=None, nonce=None, timestamp=None>
DEBUG:requests_oauthlib.oauth1_auth:Including body in call to sign: False
DEBUG:oauthlib.oauth1.rfc5849:Collected params: [('oauth_nonce', '98846061409297331981592799782'), ('oauth_timestamp', '1592799782'), ('oauth_version', '1.0'), ('oauth_signature_method', 'HMAC-SHA1'), ('oauth_consumer_key', '9FiUHtNX16o6CMYdSybDOjQGl'), ('oauth_token', '1139468082957545473-drQIwb6TeQOzH1eWBOgTSaD1dgMl3u')]
DEBUG:oauthlib.oauth1.rfc5849:Normalized params: oauth_consumer_key=9FiUHtNX16o6CMYdSybDOjQGl&oauth_nonce=98846061409297331981592799782&oauth_signature_method=HMAC-SHA1&oauth_timestamp=1592799782&oauth_token=1139468082957545473-drQIwb6TeQOzH1eWBOgTSaD1dgMl3u&oauth_version=1.0
DEBUG:oauthlib.oauth1.rfc5849:Normalized URI: https://api.twitter.com/1.1/account/verify_credentials.json
DEBUG:oauthlib.oauth1.rfc5849:Signing: signature base string: GET&https%3A%2F%2Fapi.twitter.com%2F1.1%2Faccount%2Fverify_credentials.json&oauth_consumer_key%3D9FiUHtNX16o6CMYdSybDOjQGl%26oauth_nonce%3D98846061409297331981592799782%26oauth_signature_method%3DHMAC-SHA1%26oauth_timestamp%3D1592799782%26oauth_token%3D1139468082957545473-drQIwb6TeQOzH1eWBOgTSaD1dgMl3u%26oauth_version%3D1.0
DEBUG:oauthlib.oauth1.rfc5849:Signature: VI+bDghhI83JaQUsbl+v/vhgCjo=
DEBUG:requests_oauthlib.oauth1_auth:Updated url: https://api.twitter.com/1.1/account/verify_credentials.json
DEBUG:requests_oauthlib.oauth1_auth:Updated headers: {'Host': 'api.twitter.com', 'Authorization': 'OAuth oauth_nonce="98846061409297331981592799782", oauth_timestamp="1592799782", oauth_version="1.0", oauth_signature_method="HMAC-SHA1", oauth_consumer_key="9FiUHtNX16o6CMYdSybDOjQGl", oauth_token="1139468082957545473-drQIwb6TeQOzH1eWBOgTSaD1dgMl3u", oauth_signature="VI%2BbDghhI83JaQUsbl%2Bv%2FvhgCjo%3D"'}
DEBUG:requests_oauthlib.oauth1_auth:Updated body: None
DEBUG:urllib3.connectionpool:Starting new HTTPS connection (1): api.twitter.com:443
DEBUG:urllib3.connectionpool:https://api.twitter.com:443 "GET /1.1/account/verify_credentials.json HTTP/1.1" 200 3630
INFO:root:API created
INFO:root:Retrieving mentions
DEBUG:tweepy.binder:PARAMS: {'since_id': b'1'}
DEBUG:requests_oauthlib.oauth1_auth:Signing request <PreparedRequest [GET]> using client <Client client_key=9FiUHtNX16o6CMYdSybDOjQGl, client_secret=****, resource_owner_key=1139468082957545473-drQIwb6TeQOzH1eWBOgTSaD1dgMl3u, resource_owner_secret=****, signature_method=HMAC-SHA1, signature_type=AUTH_HEADER, callback_uri=None, rsa_key=None, verifier=None, realm=None, encoding=utf-8, decoding=None, nonce=None, timestamp=None>
DEBUG:requests_oauthlib.oauth1_auth:Including body in call to sign: False
DEBUG:oauthlib.oauth1.rfc5849:Collected params: [('since_id', '1'), ('oauth_nonce', '156397649523627037601592799783'), ('oauth_timestamp', '1592799783'), ('oauth_version', '1.0'), ('oauth_signature_method', 'HMAC-SHA1'), ('oauth_consumer_key', '9FiUHtNX16o6CMYdSybDOjQGl'), ('oauth_token', '1139468082957545473-drQIwb6TeQOzH1eWBOgTSaD1dgMl3u')]
DEBUG:oauthlib.oauth1.rfc5849:Normalized params: oauth_consumer_key=9FiUHtNX16o6CMYdSybDOjQGl&oauth_nonce=156397649523627037601592799783&oauth_signature_method=HMAC-SHA1&oauth_timestamp=1592799783&oauth_token=1139468082957545473-drQIwb6TeQOzH1eWBOgTSaD1dgMl3u&oauth_version=1.0&since_id=1
DEBUG:oauthlib.oauth1.rfc5849:Normalized URI: https://api.twitter.com/1.1/statuses/mentions_timeline.json
DEBUG:oauthlib.oauth1.rfc5849:Signing: signature base string: GET&https%3A%2F%2Fapi.twitter.com%2F1.1%2Fstatuses%2Fmentions_timeline.json&oauth_consumer_key%3D9FiUHtNX16o6CMYdSybDOjQGl%26oauth_nonce%3D156397649523627037601592799783%26oauth_signature_method%3DHMAC-SHA1%26oauth_timestamp%3D1592799783%26oauth_token%3D1139468082957545473-drQIwb6TeQOzH1eWBOgTSaD1dgMl3u%26oauth_version%3D1.0%26since_id%3D1
DEBUG:oauthlib.oauth1.rfc5849:Signature: TPRnbwUKgfok6JdfdTasf5a8SmU=
DEBUG:requests_oauthlib.oauth1_auth:Updated url: https://api.twitter.com/1.1/statuses/mentions_timeline.json?since_id=1
DEBUG:requests_oauthlib.oauth1_auth:Updated headers: {'Host': 'api.twitter.com', 'Authorization': 'OAuth oauth_nonce="156397649523627037601592799783", oauth_timestamp="1592799783", oauth_version="1.0", oauth_signature_method="HMAC-SHA1", oauth_consumer_key="9FiUHtNX16o6CMYdSybDOjQGl", oauth_token="1139468082957545473-drQIwb6TeQOzH1eWBOgTSaD1dgMl3u", oauth_signature="TPRnbwUKgfok6JdfdTasf5a8SmU%3D"'}
DEBUG:requests_oauthlib.oauth1_auth:Updated body: None
DEBUG:urllib3.connectionpool:Starting new HTTPS connection (1): api.twitter.com:443
DEBUG:urllib3.connectionpool:https://api.twitter.com:443 "GET /1.1/statuses/mentions_timeline.json?since_id=1 HTTP/1.1" 200 60400
DEBUG:tweepy.binder:PARAMS: {'create': b'True'}
DEBUG:tweepy.binder:PARAMS: {}
DEBUG:requests_oauthlib.oauth1_auth:Signing request <PreparedRequest [GET]> using client <Client client_key=9FiUHtNX16o6CMYdSybDOjQGl, client_secret=****, resource_owner_key=1139468082957545473-drQIwb6TeQOzH1eWBOgTSaD1dgMl3u, resource_owner_secret=****, signature_method=HMAC-SHA1, signature_type=AUTH_HEADER, callback_uri=None, rsa_key=None, verifier=None, realm=None, encoding=utf-8, decoding=None, nonce=None, timestamp=None>
DEBUG:requests_oauthlib.oauth1_auth:Including body in call to sign: False
DEBUG:oauthlib.oauth1.rfc5849:Collected params: [('oauth_nonce', '152089605172792803261592800211'), ('oauth_timestamp', '1592800211'), ('oauth_version', '1.0'), ('oauth_signature_method', 'HMAC-SHA1'), ('oauth_consumer_key', '9FiUHtNX16o6CMYdSybDOjQGl'), ('oauth_token', '1139468082957545473-drQIwb6TeQOzH1eWBOgTSaD1dgMl3u')]
DEBUG:oauthlib.oauth1.rfc5849:Normalized params: oauth_consumer_key=9FiUHtNX16o6CMYdSybDOjQGl&oauth_nonce=152089605172792803261592800211&oauth_signature_method=HMAC-SHA1&oauth_timestamp=1592800211&oauth_token=1139468082957545473-drQIwb6TeQOzH1eWBOgTSaD1dgMl3u&oauth_version=1.0
DEBUG:oauthlib.oauth1.rfc5849:Normalized URI: https://api.twitter.com/1.1/account/verify_credentials.json
DEBUG:oauthlib.oauth1.rfc5849:Signing: signature base string: GET&https%3A%2F%2Fapi.twitter.com%2F1.1%2Faccount%2Fverify_credentials.json&oauth_consumer_key%3D9FiUHtNX16o6CMYdSybDOjQGl%26oauth_nonce%3D152089605172792803261592800211%26oauth_signature_method%3DHMAC-SHA1%26oauth_timestamp%3D1592800211%26oauth_token%3D1139468082957545473-drQIwb6TeQOzH1eWBOgTSaD1dgMl3u%26oauth_version%3D1.0
DEBUG:oauthlib.oauth1.rfc5849:Signature: VYb92tL8fhRtWY+RLkh8IZxSj/U=
DEBUG:requests_oauthlib.oauth1_auth:Updated url: https://api.twitter.com/1.1/account/verify_credentials.json
DEBUG:requests_oauthlib.oauth1_auth:Updated headers: {'Host': 'api.twitter.com', 'Authorization': 'OAuth oauth_nonce="152089605172792803261592800211", oauth_timestamp="1592800211", oauth_version="1.0", oauth_signature_method="HMAC-SHA1", oauth_consumer_key="9FiUHtNX16o6CMYdSybDOjQGl", oauth_token="1139468082957545473-drQIwb6TeQOzH1eWBOgTSaD1dgMl3u", oauth_signature="VYb92tL8fhRtWY%2BRLkh8IZxSj%2FU%3D"'}
DEBUG:requests_oauthlib.oauth1_auth:Updated body: None
DEBUG:urllib3.connectionpool:Starting new HTTPS connection (1): api.twitter.com:443
DEBUG:urllib3.connectionpool:https://api.twitter.com:443 "GET /1.1/account/verify_credentials.json HTTP/1.1" 200 3630
INFO:root:API created
INFO:root:Retrieving mentions
DEBUG:tweepy.binder:PARAMS: {'since_id': b'1'}
DEBUG:requests_oauthlib.oauth1_auth:Signing request <PreparedRequest [GET]> using client <Client client_key=9FiUHtNX16o6CMYdSybDOjQGl, client_secret=****, resource_owner_key=1139468082957545473-drQIwb6TeQOzH1eWBOgTSaD1dgMl3u, resource_owner_secret=****, signature_method=HMAC-SHA1, signature_type=AUTH_HEADER, callback_uri=None, rsa_key=None, verifier=None, realm=None, encoding=utf-8, decoding=None, nonce=None, timestamp=None>
DEBUG:requests_oauthlib.oauth1_auth:Including body in call to sign: False
DEBUG:oauthlib.oauth1.rfc5849:Collected params: [('since_id', '1'), ('oauth_nonce', '72111825060131045471592800212'), ('oauth_timestamp', '1592800212'), ('oauth_version', '1.0'), ('oauth_signature_method', 'HMAC-SHA1'), ('oauth_consumer_key', '9FiUHtNX16o6CMYdSybDOjQGl'), ('oauth_token', '1139468082957545473-drQIwb6TeQOzH1eWBOgTSaD1dgMl3u')]
DEBUG:oauthlib.oauth1.rfc5849:Normalized params: oauth_consumer_key=9FiUHtNX16o6CMYdSybDOjQGl&oauth_nonce=72111825060131045471592800212&oauth_signature_method=HMAC-SHA1&oauth_timestamp=1592800212&oauth_token=1139468082957545473-drQIwb6TeQOzH1eWBOgTSaD1dgMl3u&oauth_version=1.0&since_id=1
DEBUG:oauthlib.oauth1.rfc5849:Normalized URI: https://api.twitter.com/1.1/statuses/mentions_timeline.json
DEBUG:oauthlib.oauth1.rfc5849:Signing: signature base string: GET&https%3A%2F%2Fapi.twitter.com%2F1.1%2Fstatuses%2Fmentions_timeline.json&oauth_consumer_key%3D9FiUHtNX16o6CMYdSybDOjQGl%26oauth_nonce%3D72111825060131045471592800212%26oauth_signature_method%3DHMAC-SHA1%26oauth_timestamp%3D1592800212%26oauth_token%3D1139468082957545473-drQIwb6TeQOzH1eWBOgTSaD1dgMl3u%26oauth_version%3D1.0%26since_id%3D1
DEBUG:oauthlib.oauth1.rfc5849:Signature: SGwrpks+LBLskkwesZNpGNM28ZI=
DEBUG:requests_oauthlib.oauth1_auth:Updated url: https://api.twitter.com/1.1/statuses/mentions_timeline.json?since_id=1
DEBUG:requests_oauthlib.oauth1_auth:Updated headers: {'Host': 'api.twitter.com', 'Authorization': 'OAuth oauth_nonce="72111825060131045471592800212", oauth_timestamp="1592800212", oauth_version="1.0", oauth_signature_method="HMAC-SHA1", oauth_consumer_key="9FiUHtNX16o6CMYdSybDOjQGl", oauth_token="1139468082957545473-drQIwb6TeQOzH1eWBOgTSaD1dgMl3u", oauth_signature="SGwrpks%2BLBLskkwesZNpGNM28ZI%3D"'}
DEBUG:requests_oauthlib.oauth1_auth:Updated body: None
DEBUG:urllib3.connectionpool:Starting new HTTPS connection (1): api.twitter.com:443
DEBUG:urllib3.connectionpool:https://api.twitter.com:443 "GET /1.1/statuses/mentions_timeline.json?since_id=1 HTTP/1.1" 200 60400
DEBUG:tweepy.binder:PARAMS: {'create': b'True'}
DEBUG:tweepy.binder:PARAMS: {}
DEBUG:requests_oauthlib.oauth1_auth:Signing request <PreparedRequest [GET]> using client <Client client_key=9FiUHtNX16o6CMYdSybDOjQGl, client_secret=****, resource_owner_key=1139468082957545473-drQIwb6TeQOzH1eWBOgTSaD1dgMl3u, resource_owner_secret=****, signature_method=HMAC-SHA1, signature_type=AUTH_HEADER, callback_uri=None, rsa_key=None, verifier=None, realm=None, encoding=utf-8, decoding=None, nonce=None, timestamp=None>
DEBUG:requests_oauthlib.oauth1_auth:Including body in call to sign: False
DEBUG:oauthlib.oauth1.rfc5849:Collected params: [('oauth_nonce', '48255863932534089621592800355'), ('oauth_timestamp', '1592800355'), ('oauth_version', '1.0'), ('oauth_signature_method', 'HMAC-SHA1'), ('oauth_consumer_key', '9FiUHtNX16o6CMYdSybDOjQGl'), ('oauth_token', '1139468082957545473-drQIwb6TeQOzH1eWBOgTSaD1dgMl3u')]
DEBUG:oauthlib.oauth1.rfc5849:Normalized params: oauth_consumer_key=9FiUHtNX16o6CMYdSybDOjQGl&oauth_nonce=48255863932534089621592800355&oauth_signature_method=HMAC-SHA1&oauth_timestamp=1592800355&oauth_token=1139468082957545473-drQIwb6TeQOzH1eWBOgTSaD1dgMl3u&oauth_version=1.0
DEBUG:oauthlib.oauth1.rfc5849:Normalized URI: https://api.twitter.com/1.1/account/verify_credentials.json
DEBUG:oauthlib.oauth1.rfc5849:Signing: signature base string: GET&https%3A%2F%2Fapi.twitter.com%2F1.1%2Faccount%2Fverify_credentials.json&oauth_consumer_key%3D9FiUHtNX16o6CMYdSybDOjQGl%26oauth_nonce%3D48255863932534089621592800355%26oauth_signature_method%3DHMAC-SHA1%26oauth_timestamp%3D1592800355%26oauth_token%3D1139468082957545473-drQIwb6TeQOzH1eWBOgTSaD1dgMl3u%26oauth_version%3D1.0
DEBUG:oauthlib.oauth1.rfc5849:Signature: lxTOnDE95AVbUzc71tlW9tpVX5Y=
DEBUG:requests_oauthlib.oauth1_auth:Updated url: https://api.twitter.com/1.1/account/verify_credentials.json
DEBUG:requests_oauthlib.oauth1_auth:Updated headers: {'Host': 'api.twitter.com', 'Authorization': 'OAuth oauth_nonce="48255863932534089621592800355", oauth_timestamp="1592800355", oauth_version="1.0", oauth_signature_method="HMAC-SHA1", oauth_consumer_key="9FiUHtNX16o6CMYdSybDOjQGl", oauth_token="1139468082957545473-drQIwb6TeQOzH1eWBOgTSaD1dgMl3u", oauth_signature="lxTOnDE95AVbUzc71tlW9tpVX5Y%3D"'}
DEBUG:requests_oauthlib.oauth1_auth:Updated body: None
DEBUG:urllib3.connectionpool:Starting new HTTPS connection (1): api.twitter.com:443
DEBUG:urllib3.connectionpool:https://api.twitter.com:443 "GET /1.1/account/verify_credentials.json HTTP/1.1" 200 3630
INFO:root:API created
INFO:root:Retrieving mentions
DEBUG:tweepy.binder:PARAMS: {'since_id': b'1'}
DEBUG:requests_oauthlib.oauth1_auth:Signing request <PreparedRequest [GET]> using client <Client client_key=9FiUHtNX16o6CMYdSybDOjQGl, client_secret=****, resource_owner_key=1139468082957545473-drQIwb6TeQOzH1eWBOgTSaD1dgMl3u, resource_owner_secret=****, signature_method=HMAC-SHA1, signature_type=AUTH_HEADER, callback_uri=None, rsa_key=None, verifier=None, realm=None, encoding=utf-8, decoding=None, nonce=None, timestamp=None>
DEBUG:requests_oauthlib.oauth1_auth:Including body in call to sign: False
DEBUG:oauthlib.oauth1.rfc5849:Collected params: [('since_id', '1'), ('oauth_nonce', '118287639429201758241592800355'), ('oauth_timestamp', '1592800355'), ('oauth_version', '1.0'), ('oauth_signature_method', 'HMAC-SHA1'), ('oauth_consumer_key', '9FiUHtNX16o6CMYdSybDOjQGl'), ('oauth_token', '1139468082957545473-drQIwb6TeQOzH1eWBOgTSaD1dgMl3u')]
DEBUG:oauthlib.oauth1.rfc5849:Normalized params: oauth_consumer_key=9FiUHtNX16o6CMYdSybDOjQGl&oauth_nonce=118287639429201758241592800355&oauth_signature_method=HMAC-SHA1&oauth_timestamp=1592800355&oauth_token=1139468082957545473-drQIwb6TeQOzH1eWBOgTSaD1dgMl3u&oauth_version=1.0&since_id=1
DEBUG:oauthlib.oauth1.rfc5849:Normalized URI: https://api.twitter.com/1.1/statuses/mentions_timeline.json
DEBUG:oauthlib.oauth1.rfc5849:Signing: signature base string: GET&https%3A%2F%2Fapi.twitter.com%2F1.1%2Fstatuses%2Fmentions_timeline.json&oauth_consumer_key%3D9FiUHtNX16o6CMYdSybDOjQGl%26oauth_nonce%3D118287639429201758241592800355%26oauth_signature_method%3DHMAC-SHA1%26oauth_timestamp%3D1592800355%26oauth_token%3D1139468082957545473-drQIwb6TeQOzH1eWBOgTSaD1dgMl3u%26oauth_version%3D1.0%26since_id%3D1
DEBUG:oauthlib.oauth1.rfc5849:Signature: fTpS7ynBFv+iHCzK/Vwwnft0uAI=
DEBUG:requests_oauthlib.oauth1_auth:Updated url: https://api.twitter.com/1.1/statuses/mentions_timeline.json?since_id=1
DEBUG:requests_oauthlib.oauth1_auth:Updated headers: {'Host': 'api.twitter.com', 'Authorization': 'OAuth oauth_nonce="118287639429201758241592800355", oauth_timestamp="1592800355", oauth_version="1.0", oauth_signature_method="HMAC-SHA1", oauth_consumer_key="9FiUHtNX16o6CMYdSybDOjQGl", oauth_token="1139468082957545473-drQIwb6TeQOzH1eWBOgTSaD1dgMl3u", oauth_signature="fTpS7ynBFv%2BiHCzK%2FVwwnft0uAI%3D"'}
DEBUG:requests_oauthlib.oauth1_auth:Updated body: None
DEBUG:urllib3.connectionpool:Starting new HTTPS connection (1): api.twitter.com:443
DEBUG:urllib3.connectionpool:https://api.twitter.com:443 "GET /1.1/statuses/mentions_timeline.json?since_id=1 HTTP/1.1" 200 60400
DEBUG:tweepy.binder:PARAMS: {'create': b'True'}
DEBUG:tweepy.binder:PARAMS: {}
DEBUG:requests_oauthlib.oauth1_auth:Signing request <PreparedRequest [GET]> using client <Client client_key=9FiUHtNX16o6CMYdSybDOjQGl, client_secret=****, resource_owner_key=1139468082957545473-drQIwb6TeQOzH1eWBOgTSaD1dgMl3u, resource_owner_secret=****, signature_method=HMAC-SHA1, signature_type=AUTH_HEADER, callback_uri=None, rsa_key=None, verifier=None, realm=None, encoding=utf-8, decoding=None, nonce=None, timestamp=None>
DEBUG:requests_oauthlib.oauth1_auth:Including body in call to sign: False
DEBUG:oauthlib.oauth1.rfc5849:Collected params: [('oauth_nonce', '49521688961022389421592800398'), ('oauth_timestamp', '1592800398'), ('oauth_version', '1.0'), ('oauth_signature_method', 'HMAC-SHA1'), ('oauth_consumer_key', '9FiUHtNX16o6CMYdSybDOjQGl'), ('oauth_token', '1139468082957545473-drQIwb6TeQOzH1eWBOgTSaD1dgMl3u')]
DEBUG:oauthlib.oauth1.rfc5849:Normalized params: oauth_consumer_key=9FiUHtNX16o6CMYdSybDOjQGl&oauth_nonce=49521688961022389421592800398&oauth_signature_method=HMAC-SHA1&oauth_timestamp=1592800398&oauth_token=1139468082957545473-drQIwb6TeQOzH1eWBOgTSaD1dgMl3u&oauth_version=1.0
DEBUG:oauthlib.oauth1.rfc5849:Normalized URI: https://api.twitter.com/1.1/account/verify_credentials.json
DEBUG:oauthlib.oauth1.rfc5849:Signing: signature base string: GET&https%3A%2F%2Fapi.twitter.com%2F1.1%2Faccount%2Fverify_credentials.json&oauth_consumer_key%3D9FiUHtNX16o6CMYdSybDOjQGl%26oauth_nonce%3D49521688961022389421592800398%26oauth_signature_method%3DHMAC-SHA1%26oauth_timestamp%3D1592800398%26oauth_token%3D1139468082957545473-drQIwb6TeQOzH1eWBOgTSaD1dgMl3u%26oauth_version%3D1.0
DEBUG:oauthlib.oauth1.rfc5849:Signature: R4prySBRPEllLUZs35nVkqcy0tU=
DEBUG:requests_oauthlib.oauth1_auth:Updated url: https://api.twitter.com/1.1/account/verify_credentials.json
DEBUG:requests_oauthlib.oauth1_auth:Updated headers: {'Host': 'api.twitter.com', 'Authorization': 'OAuth oauth_nonce="49521688961022389421592800398", oauth_timestamp="1592800398", oauth_version="1.0", oauth_signature_method="HMAC-SHA1", oauth_consumer_key="9FiUHtNX16o6CMYdSybDOjQGl", oauth_token="1139468082957545473-drQIwb6TeQOzH1eWBOgTSaD1dgMl3u", oauth_signature="R4prySBRPEllLUZs35nVkqcy0tU%3D"'}
DEBUG:requests_oauthlib.oauth1_auth:Updated body: None
DEBUG:urllib3.connectionpool:Starting new HTTPS connection (1): api.twitter.com:443
DEBUG:urllib3.connectionpool:https://api.twitter.com:443 "GET /1.1/account/verify_credentials.json HTTP/1.1" 200 3630
INFO:root:API created
DEBUG:tweepy.binder:PARAMS: {}
DEBUG:requests_oauthlib.oauth1_auth:Signing request <PreparedRequest [GET]> using client <Client client_key=9FiUHtNX16o6CMYdSybDOjQGl, client_secret=****, resource_owner_key=1139468082957545473-drQIwb6TeQOzH1eWBOgTSaD1dgMl3u, resource_owner_secret=****, signature_method=HMAC-SHA1, signature_type=AUTH_HEADER, callback_uri=None, rsa_key=None, verifier=None, realm=None, encoding=utf-8, decoding=None, nonce=None, timestamp=None>
DEBUG:requests_oauthlib.oauth1_auth:Including body in call to sign: False
DEBUG:oauthlib.oauth1.rfc5849:Collected params: [('oauth_nonce', '177093881705741143791592800588'), ('oauth_timestamp', '1592800588'), ('oauth_version', '1.0'), ('oauth_signature_method', 'HMAC-SHA1'), ('oauth_consumer_key', '9FiUHtNX16o6CMYdSybDOjQGl'), ('oauth_token', '1139468082957545473-drQIwb6TeQOzH1eWBOgTSaD1dgMl3u')]
DEBUG:oauthlib.oauth1.rfc5849:Normalized params: oauth_consumer_key=9FiUHtNX16o6CMYdSybDOjQGl&oauth_nonce=177093881705741143791592800588&oauth_signature_method=HMAC-SHA1&oauth_timestamp=1592800588&oauth_token=1139468082957545473-drQIwb6TeQOzH1eWBOgTSaD1dgMl3u&oauth_version=1.0
DEBUG:oauthlib.oauth1.rfc5849:Normalized URI: https://api.twitter.com/1.1/account/verify_credentials.json
DEBUG:oauthlib.oauth1.rfc5849:Signing: signature base string: GET&https%3A%2F%2Fapi.twitter.com%2F1.1%2Faccount%2Fverify_credentials.json&oauth_consumer_key%3D9FiUHtNX16o6CMYdSybDOjQGl%26oauth_nonce%3D177093881705741143791592800588%26oauth_signature_method%3DHMAC-SHA1%26oauth_timestamp%3D1592800588%26oauth_token%3D1139468082957545473-drQIwb6TeQOzH1eWBOgTSaD1dgMl3u%26oauth_version%3D1.0
DEBUG:oauthlib.oauth1.rfc5849:Signature: Aur6acKi0QOHBnflU/eN/9epXXk=
DEBUG:requests_oauthlib.oauth1_auth:Updated url: https://api.twitter.com/1.1/account/verify_credentials.json
DEBUG:requests_oauthlib.oauth1_auth:Updated headers: {'Host': 'api.twitter.com', 'Authorization': 'OAuth oauth_nonce="177093881705741143791592800588", oauth_timestamp="1592800588", oauth_version="1.0", oauth_signature_method="HMAC-SHA1", oauth_consumer_key="9FiUHtNX16o6CMYdSybDOjQGl", oauth_token="1139468082957545473-drQIwb6TeQOzH1eWBOgTSaD1dgMl3u", oauth_signature="Aur6acKi0QOHBnflU%2FeN%2F9epXXk%3D"'}
DEBUG:requests_oauthlib.oauth1_auth:Updated body: None
DEBUG:urllib3.connectionpool:Starting new HTTPS connection (1): api.twitter.com:443
DEBUG:urllib3.connectionpool:https://api.twitter.com:443 "GET /1.1/account/verify_credentials.json HTTP/1.1" 200 3630
INFO:root:API created
INFO:root:Retrieving mentions
DEBUG:tweepy.binder:PARAMS: {'since_id': b'1'}
DEBUG:requests_oauthlib.oauth1_auth:Signing request <PreparedRequest [GET]> using client <Client client_key=9FiUHtNX16o6CMYdSybDOjQGl, client_secret=****, resource_owner_key=1139468082957545473-drQIwb6TeQOzH1eWBOgTSaD1dgMl3u, resource_owner_secret=****, signature_method=HMAC-SHA1, signature_type=AUTH_HEADER, callback_uri=None, rsa_key=None, verifier=None, realm=None, encoding=utf-8, decoding=None, nonce=None, timestamp=None>
DEBUG:requests_oauthlib.oauth1_auth:Including body in call to sign: False
DEBUG:oauthlib.oauth1.rfc5849:Collected params: [('since_id', '1'), ('oauth_nonce', '99186213036202215011592800588'), ('oauth_timestamp', '1592800588'), ('oauth_version', '1.0'), ('oauth_signature_method', 'HMAC-SHA1'), ('oauth_consumer_key', '9FiUHtNX16o6CMYdSybDOjQGl'), ('oauth_token', '1139468082957545473-drQIwb6TeQOzH1eWBOgTSaD1dgMl3u')]
DEBUG:oauthlib.oauth1.rfc5849:Normalized params: oauth_consumer_key=9FiUHtNX16o6CMYdSybDOjQGl&oauth_nonce=99186213036202215011592800588&oauth_signature_method=HMAC-SHA1&oauth_timestamp=1592800588&oauth_token=1139468082957545473-drQIwb6TeQOzH1eWBOgTSaD1dgMl3u&oauth_version=1.0&since_id=1
DEBUG:oauthlib.oauth1.rfc5849:Normalized URI: https://api.twitter.com/1.1/statuses/mentions_timeline.json
DEBUG:oauthlib.oauth1.rfc5849:Signing: signature base string: GET&https%3A%2F%2Fapi.twitter.com%2F1.1%2Fstatuses%2Fmentions_timeline.json&oauth_consumer_key%3D9FiUHtNX16o6CMYdSybDOjQGl%26oauth_nonce%3D99186213036202215011592800588%26oauth_signature_method%3DHMAC-SHA1%26oauth_timestamp%3D1592800588%26oauth_token%3D1139468082957545473-drQIwb6TeQOzH1eWBOgTSaD1dgMl3u%26oauth_version%3D1.0%26since_id%3D1
DEBUG:oauthlib.oauth1.rfc5849:Signature: iWf9+jqKhtgGX2fwRGwPSD8cDtI=
DEBUG:requests_oauthlib.oauth1_auth:Updated url: https://api.twitter.com/1.1/statuses/mentions_timeline.json?since_id=1
DEBUG:requests_oauthlib.oauth1_auth:Updated headers: {'Host': 'api.twitter.com', 'Authorization': 'OAuth oauth_nonce="99186213036202215011592800588", oauth_timestamp="1592800588", oauth_version="1.0", oauth_signature_method="HMAC-SHA1", oauth_consumer_key="9FiUHtNX16o6CMYdSybDOjQGl", oauth_token="1139468082957545473-drQIwb6TeQOzH1eWBOgTSaD1dgMl3u", oauth_signature="iWf9%2BjqKhtgGX2fwRGwPSD8cDtI%3D"'}
DEBUG:requests_oauthlib.oauth1_auth:Updated body: None
DEBUG:urllib3.connectionpool:Starting new HTTPS connection (1): api.twitter.com:443
DEBUG:urllib3.connectionpool:https://api.twitter.com:443 "GET /1.1/statuses/mentions_timeline.json?since_id=1 HTTP/1.1" 200 60400
DEBUG:tweepy.binder:PARAMS: {'create': b'True'}
DEBUG:tweepy.binder:PARAMS: {}
DEBUG:requests_oauthlib.oauth1_auth:Signing request <PreparedRequest [GET]> using client <Client client_key=9FiUHtNX16o6CMYdSybDOjQGl, client_secret=****, resource_owner_key=1139468082957545473-drQIwb6TeQOzH1eWBOgTSaD1dgMl3u, resource_owner_secret=****, signature_method=HMAC-SHA1, signature_type=AUTH_HEADER, callback_uri=None, rsa_key=None, verifier=None, realm=None, encoding=utf-8, decoding=None, nonce=None, timestamp=None>
DEBUG:requests_oauthlib.oauth1_auth:Including body in call to sign: False
DEBUG:oauthlib.oauth1.rfc5849:Collected params: [('oauth_nonce', '63085476191414324981592800636'), ('oauth_timestamp', '1592800636'), ('oauth_version', '1.0'), ('oauth_signature_method', 'HMAC-SHA1'), ('oauth_consumer_key', '9FiUHtNX16o6CMYdSybDOjQGl'), ('oauth_token', '1139468082957545473-drQIwb6TeQOzH1eWBOgTSaD1dgMl3u')]
DEBUG:oauthlib.oauth1.rfc5849:Normalized params: oauth_consumer_key=9FiUHtNX16o6CMYdSybDOjQGl&oauth_nonce=63085476191414324981592800636&oauth_signature_method=HMAC-SHA1&oauth_timestamp=1592800636&oauth_token=1139468082957545473-drQIwb6TeQOzH1eWBOgTSaD1dgMl3u&oauth_version=1.0
DEBUG:oauthlib.oauth1.rfc5849:Normalized URI: https://api.twitter.com/1.1/account/verify_credentials.json
DEBUG:oauthlib.oauth1.rfc5849:Signing: signature base string: GET&https%3A%2F%2Fapi.twitter.com%2F1.1%2Faccount%2Fverify_credentials.json&oauth_consumer_key%3D9FiUHtNX16o6CMYdSybDOjQGl%26oauth_nonce%3D63085476191414324981592800636%26oauth_signature_method%3DHMAC-SHA1%26oauth_timestamp%3D1592800636%26oauth_token%3D1139468082957545473-drQIwb6TeQOzH1eWBOgTSaD1dgMl3u%26oauth_version%3D1.0
DEBUG:oauthlib.oauth1.rfc5849:Signature: QObggQyuM9LNtQFZqg0bHxtUgls=
DEBUG:requests_oauthlib.oauth1_auth:Updated url: https://api.twitter.com/1.1/account/verify_credentials.json
DEBUG:requests_oauthlib.oauth1_auth:Updated headers: {'Host': 'api.twitter.com', 'Authorization': 'OAuth oauth_nonce="63085476191414324981592800636", oauth_timestamp="1592800636", oauth_version="1.0", oauth_signature_method="HMAC-SHA1", oauth_consumer_key="9FiUHtNX16o6CMYdSybDOjQGl", oauth_token="1139468082957545473-drQIwb6TeQOzH1eWBOgTSaD1dgMl3u", oauth_signature="QObggQyuM9LNtQFZqg0bHxtUgls%3D"'}
DEBUG:requests_oauthlib.oauth1_auth:Updated body: None
DEBUG:urllib3.connectionpool:Starting new HTTPS connection (1): api.twitter.com:443
DEBUG:urllib3.connectionpool:https://api.twitter.com:443 "GET /1.1/account/verify_credentials.json HTTP/1.1" 200 3630
INFO:root:API created
INFO:root:Retrieving mentions
DEBUG:tweepy.binder:PARAMS: {'since_id': b'1'}
DEBUG:requests_oauthlib.oauth1_auth:Signing request <PreparedRequest [GET]> using client <Client client_key=9FiUHtNX16o6CMYdSybDOjQGl, client_secret=****, resource_owner_key=1139468082957545473-drQIwb6TeQOzH1eWBOgTSaD1dgMl3u, resource_owner_secret=****, signature_method=HMAC-SHA1, signature_type=AUTH_HEADER, callback_uri=None, rsa_key=None, verifier=None, realm=None, encoding=utf-8, decoding=None, nonce=None, timestamp=None>
DEBUG:requests_oauthlib.oauth1_auth:Including body in call to sign: False
DEBUG:oauthlib.oauth1.rfc5849:Collected params: [('since_id', '1'), ('oauth_nonce', '104495540808864964231592800637'), ('oauth_timestamp', '1592800637'), ('oauth_version', '1.0'), ('oauth_signature_method', 'HMAC-SHA1'), ('oauth_consumer_key', '9FiUHtNX16o6CMYdSybDOjQGl'), ('oauth_token', '1139468082957545473-drQIwb6TeQOzH1eWBOgTSaD1dgMl3u')]
DEBUG:oauthlib.oauth1.rfc5849:Normalized params: oauth_consumer_key=9FiUHtNX16o6CMYdSybDOjQGl&oauth_nonce=104495540808864964231592800637&oauth_signature_method=HMAC-SHA1&oauth_timestamp=1592800637&oauth_token=1139468082957545473-drQIwb6TeQOzH1eWBOgTSaD1dgMl3u&oauth_version=1.0&since_id=1
DEBUG:oauthlib.oauth1.rfc5849:Normalized URI: https://api.twitter.com/1.1/statuses/mentions_timeline.json
DEBUG:oauthlib.oauth1.rfc5849:Signing: signature base string: GET&https%3A%2F%2Fapi.twitter.com%2F1.1%2Fstatuses%2Fmentions_timeline.json&oauth_consumer_key%3D9FiUHtNX16o6CMYdSybDOjQGl%26oauth_nonce%3D104495540808864964231592800637%26oauth_signature_method%3DHMAC-SHA1%26oauth_timestamp%3D1592800637%26oauth_token%3D1139468082957545473-drQIwb6TeQOzH1eWBOgTSaD1dgMl3u%26oauth_version%3D1.0%26since_id%3D1
DEBUG:oauthlib.oauth1.rfc5849:Signature: D+49HNIZxjV8NLxg1lw52iQniZ8=
DEBUG:requests_oauthlib.oauth1_auth:Updated url: https://api.twitter.com/1.1/statuses/mentions_timeline.json?since_id=1
DEBUG:requests_oauthlib.oauth1_auth:Updated headers: {'Host': 'api.twitter.com', 'Authorization': 'OAuth oauth_nonce="104495540808864964231592800637", oauth_timestamp="1592800637", oauth_version="1.0", oauth_signature_method="HMAC-SHA1", oauth_consumer_key="9FiUHtNX16o6CMYdSybDOjQGl", oauth_token="1139468082957545473-drQIwb6TeQOzH1eWBOgTSaD1dgMl3u", oauth_signature="D%2B49HNIZxjV8NLxg1lw52iQniZ8%3D"'}
DEBUG:requests_oauthlib.oauth1_auth:Updated body: None
DEBUG:urllib3.connectionpool:Starting new HTTPS connection (1): api.twitter.com:443
DEBUG:urllib3.connectionpool:https://api.twitter.com:443 "GET /1.1/statuses/mentions_timeline.json?since_id=1 HTTP/1.1" 200 60400
DEBUG:tweepy.binder:PARAMS: {'create': b'True'}
DEBUG:tweepy.binder:PARAMS: {}
DEBUG:requests_oauthlib.oauth1_auth:Signing request <PreparedRequest [GET]> using client <Client client_key=9FiUHtNX16o6CMYdSybDOjQGl, client_secret=****, resource_owner_key=1139468082957545473-drQIwb6TeQOzH1eWBOgTSaD1dgMl3u, resource_owner_secret=****, signature_method=HMAC-SHA1, signature_type=AUTH_HEADER, callback_uri=None, rsa_key=None, verifier=None, realm=None, encoding=utf-8, decoding=None, nonce=None, timestamp=None>
DEBUG:requests_oauthlib.oauth1_auth:Including body in call to sign: False
DEBUG:oauthlib.oauth1.rfc5849:Collected params: [('oauth_nonce', '119627616363742099461592800698'), ('oauth_timestamp', '1592800698'), ('oauth_version', '1.0'), ('oauth_signature_method', 'HMAC-SHA1'), ('oauth_consumer_key', '9FiUHtNX16o6CMYdSybDOjQGl'), ('oauth_token', '1139468082957545473-drQIwb6TeQOzH1eWBOgTSaD1dgMl3u')]
DEBUG:oauthlib.oauth1.rfc5849:Normalized params: oauth_consumer_key=9FiUHtNX16o6CMYdSybDOjQGl&oauth_nonce=119627616363742099461592800698&oauth_signature_method=HMAC-SHA1&oauth_timestamp=1592800698&oauth_token=1139468082957545473-drQIwb6TeQOzH1eWBOgTSaD1dgMl3u&oauth_version=1.0
DEBUG:oauthlib.oauth1.rfc5849:Normalized URI: https://api.twitter.com/1.1/account/verify_credentials.json
DEBUG:oauthlib.oauth1.rfc5849:Signing: signature base string: GET&https%3A%2F%2Fapi.twitter.com%2F1.1%2Faccount%2Fverify_credentials.json&oauth_consumer_key%3D9FiUHtNX16o6CMYdSybDOjQGl%26oauth_nonce%3D119627616363742099461592800698%26oauth_signature_method%3DHMAC-SHA1%26oauth_timestamp%3D1592800698%26oauth_token%3D1139468082957545473-drQIwb6TeQOzH1eWBOgTSaD1dgMl3u%26oauth_version%3D1.0
DEBUG:oauthlib.oauth1.rfc5849:Signature: RfPPsxLwu4Au34/oQuR4gq984oc=
DEBUG:requests_oauthlib.oauth1_auth:Updated url: https://api.twitter.com/1.1/account/verify_credentials.json
DEBUG:requests_oauthlib.oauth1_auth:Updated headers: {'Host': 'api.twitter.com', 'Authorization': 'OAuth oauth_nonce="119627616363742099461592800698", oauth_timestamp="1592800698", oauth_version="1.0", oauth_signature_method="HMAC-SHA1", oauth_consumer_key="9FiUHtNX16o6CMYdSybDOjQGl", oauth_token="1139468082957545473-drQIwb6TeQOzH1eWBOgTSaD1dgMl3u", oauth_signature="RfPPsxLwu4Au34%2FoQuR4gq984oc%3D"'}
DEBUG:requests_oauthlib.oauth1_auth:Updated body: None
DEBUG:urllib3.connectionpool:Starting new HTTPS connection (1): api.twitter.com:443
DEBUG:urllib3.connectionpool:https://api.twitter.com:443 "GET /1.1/account/verify_credentials.json HTTP/1.1" 200 3630
INFO:root:API created
INFO:root:Retrieving mentions
DEBUG:tweepy.binder:PARAMS: {'since_id': b'1'}
DEBUG:requests_oauthlib.oauth1_auth:Signing request <PreparedRequest [GET]> using client <Client client_key=9FiUHtNX16o6CMYdSybDOjQGl, client_secret=****, resource_owner_key=1139468082957545473-drQIwb6TeQOzH1eWBOgTSaD1dgMl3u, resource_owner_secret=****, signature_method=HMAC-SHA1, signature_type=AUTH_HEADER, callback_uri=None, rsa_key=None, verifier=None, realm=None, encoding=utf-8, decoding=None, nonce=None, timestamp=None>
DEBUG:requests_oauthlib.oauth1_auth:Including body in call to sign: False
DEBUG:oauthlib.oauth1.rfc5849:Collected params: [('since_id', '1'), ('oauth_nonce', '25277998704780046651592800698'), ('oauth_timestamp', '1592800698'), ('oauth_version', '1.0'), ('oauth_signature_method', 'HMAC-SHA1'), ('oauth_consumer_key', '9FiUHtNX16o6CMYdSybDOjQGl'), ('oauth_token', '1139468082957545473-drQIwb6TeQOzH1eWBOgTSaD1dgMl3u')]
DEBUG:oauthlib.oauth1.rfc5849:Normalized params: oauth_consumer_key=9FiUHtNX16o6CMYdSybDOjQGl&oauth_nonce=25277998704780046651592800698&oauth_signature_method=HMAC-SHA1&oauth_timestamp=1592800698&oauth_token=1139468082957545473-drQIwb6TeQOzH1eWBOgTSaD1dgMl3u&oauth_version=1.0&since_id=1
DEBUG:oauthlib.oauth1.rfc5849:Normalized URI: https://api.twitter.com/1.1/statuses/mentions_timeline.json
DEBUG:oauthlib.oauth1.rfc5849:Signing: signature base string: GET&https%3A%2F%2Fapi.twitter.com%2F1.1%2Fstatuses%2Fmentions_timeline.json&oauth_consumer_key%3D9FiUHtNX16o6CMYdSybDOjQGl%26oauth_nonce%3D25277998704780046651592800698%26oauth_signature_method%3DHMAC-SHA1%26oauth_timestamp%3D1592800698%26oauth_token%3D1139468082957545473-drQIwb6TeQOzH1eWBOgTSaD1dgMl3u%26oauth_version%3D1.0%26since_id%3D1
DEBUG:oauthlib.oauth1.rfc5849:Signature: AD80wUqNwuzYs1zHC4rLARRyCBs=
DEBUG:requests_oauthlib.oauth1_auth:Updated url: https://api.twitter.com/1.1/statuses/mentions_timeline.json?since_id=1
DEBUG:requests_oauthlib.oauth1_auth:Updated headers: {'Host': 'api.twitter.com', 'Authorization': 'OAuth oauth_nonce="25277998704780046651592800698", oauth_timestamp="1592800698", oauth_version="1.0", oauth_signature_method="HMAC-SHA1", oauth_consumer_key="9FiUHtNX16o6CMYdSybDOjQGl", oauth_token="1139468082957545473-drQIwb6TeQOzH1eWBOgTSaD1dgMl3u", oauth_signature="AD80wUqNwuzYs1zHC4rLARRyCBs%3D"'}
DEBUG:requests_oauthlib.oauth1_auth:Updated body: None
DEBUG:urllib3.connectionpool:Starting new HTTPS connection (1): api.twitter.com:443
DEBUG:urllib3.connectionpool:https://api.twitter.com:443 "GET /1.1/statuses/mentions_timeline.json?since_id=1 HTTP/1.1" 200 60400
DEBUG:tweepy.binder:PARAMS: {'create': b'True'}
DEBUG:tweepy.binder:PARAMS: {}
DEBUG:requests_oauthlib.oauth1_auth:Signing request <PreparedRequest [GET]> using client <Client client_key=9FiUHtNX16o6CMYdSybDOjQGl, client_secret=****, resource_owner_key=1139468082957545473-drQIwb6TeQOzH1eWBOgTSaD1dgMl3u, resource_owner_secret=****, signature_method=HMAC-SHA1, signature_type=AUTH_HEADER, callback_uri=None, rsa_key=None, verifier=None, realm=None, encoding=utf-8, decoding=None, nonce=None, timestamp=None>
DEBUG:requests_oauthlib.oauth1_auth:Including body in call to sign: False
DEBUG:oauthlib.oauth1.rfc5849:Collected params: [('oauth_nonce', '38190304910122570931592800783'), ('oauth_timestamp', '1592800783'), ('oauth_version', '1.0'), ('oauth_signature_method', 'HMAC-SHA1'), ('oauth_consumer_key', '9FiUHtNX16o6CMYdSybDOjQGl'), ('oauth_token', '1139468082957545473-drQIwb6TeQOzH1eWBOgTSaD1dgMl3u')]
DEBUG:oauthlib.oauth1.rfc5849:Normalized params: oauth_consumer_key=9FiUHtNX16o6CMYdSybDOjQGl&oauth_nonce=38190304910122570931592800783&oauth_signature_method=HMAC-SHA1&oauth_timestamp=1592800783&oauth_token=1139468082957545473-drQIwb6TeQOzH1eWBOgTSaD1dgMl3u&oauth_version=1.0
DEBUG:oauthlib.oauth1.rfc5849:Normalized URI: https://api.twitter.com/1.1/account/verify_credentials.json
DEBUG:oauthlib.oauth1.rfc5849:Signing: signature base string: GET&https%3A%2F%2Fapi.twitter.com%2F1.1%2Faccount%2Fverify_credentials.json&oauth_consumer_key%3D9FiUHtNX16o6CMYdSybDOjQGl%26oauth_nonce%3D38190304910122570931592800783%26oauth_signature_method%3DHMAC-SHA1%26oauth_timestamp%3D1592800783%26oauth_token%3D1139468082957545473-drQIwb6TeQOzH1eWBOgTSaD1dgMl3u%26oauth_version%3D1.0
DEBUG:oauthlib.oauth1.rfc5849:Signature: K1X7Hm14Mi2y0vEogRCewaL/Vpc=
DEBUG:requests_oauthlib.oauth1_auth:Updated url: https://api.twitter.com/1.1/account/verify_credentials.json
DEBUG:requests_oauthlib.oauth1_auth:Updated headers: {'Host': 'api.twitter.com', 'Authorization': 'OAuth oauth_nonce="38190304910122570931592800783", oauth_timestamp="1592800783", oauth_version="1.0", oauth_signature_method="HMAC-SHA1", oauth_consumer_key="9FiUHtNX16o6CMYdSybDOjQGl", oauth_token="1139468082957545473-drQIwb6TeQOzH1eWBOgTSaD1dgMl3u", oauth_signature="K1X7Hm14Mi2y0vEogRCewaL%2FVpc%3D"'}
DEBUG:requests_oauthlib.oauth1_auth:Updated body: None
DEBUG:urllib3.connectionpool:Starting new HTTPS connection (1): api.twitter.com:443
DEBUG:urllib3.connectionpool:https://api.twitter.com:443 "GET /1.1/account/verify_credentials.json HTTP/1.1" 200 3630
INFO:root:API created
INFO:root:Retrieving mentions
DEBUG:tweepy.binder:PARAMS: {'since_id': b'1'}
DEBUG:requests_oauthlib.oauth1_auth:Signing request <PreparedRequest [GET]> using client <Client client_key=9FiUHtNX16o6CMYdSybDOjQGl, client_secret=****, resource_owner_key=1139468082957545473-drQIwb6TeQOzH1eWBOgTSaD1dgMl3u, resource_owner_secret=****, signature_method=HMAC-SHA1, signature_type=AUTH_HEADER, callback_uri=None, rsa_key=None, verifier=None, realm=None, encoding=utf-8, decoding=None, nonce=None, timestamp=None>
DEBUG:requests_oauthlib.oauth1_auth:Including body in call to sign: False
DEBUG:oauthlib.oauth1.rfc5849:Collected params: [('since_id', '1'), ('oauth_nonce', '71715553636357747231592800783'), ('oauth_timestamp', '1592800783'), ('oauth_version', '1.0'), ('oauth_signature_method', 'HMAC-SHA1'), ('oauth_consumer_key', '9FiUHtNX16o6CMYdSybDOjQGl'), ('oauth_token', '1139468082957545473-drQIwb6TeQOzH1eWBOgTSaD1dgMl3u')]
DEBUG:oauthlib.oauth1.rfc5849:Normalized params: oauth_consumer_key=9FiUHtNX16o6CMYdSybDOjQGl&oauth_nonce=71715553636357747231592800783&oauth_signature_method=HMAC-SHA1&oauth_timestamp=1592800783&oauth_token=1139468082957545473-drQIwb6TeQOzH1eWBOgTSaD1dgMl3u&oauth_version=1.0&since_id=1
DEBUG:oauthlib.oauth1.rfc5849:Normalized URI: https://api.twitter.com/1.1/statuses/mentions_timeline.json
DEBUG:oauthlib.oauth1.rfc5849:Signing: signature base string: GET&https%3A%2F%2Fapi.twitter.com%2F1.1%2Fstatuses%2Fmentions_timeline.json&oauth_consumer_key%3D9FiUHtNX16o6CMYdSybDOjQGl%26oauth_nonce%3D71715553636357747231592800783%26oauth_signature_method%3DHMAC-SHA1%26oauth_timestamp%3D1592800783%26oauth_token%3D1139468082957545473-drQIwb6TeQOzH1eWBOgTSaD1dgMl3u%26oauth_version%3D1.0%26since_id%3D1
DEBUG:oauthlib.oauth1.rfc5849:Signature: JwqBdNi6ktaN+w6Tpoit0atV820=
DEBUG:requests_oauthlib.oauth1_auth:Updated url: https://api.twitter.com/1.1/statuses/mentions_timeline.json?since_id=1
DEBUG:requests_oauthlib.oauth1_auth:Updated headers: {'Host': 'api.twitter.com', 'Authorization': 'OAuth oauth_nonce="71715553636357747231592800783", oauth_timestamp="1592800783", oauth_version="1.0", oauth_signature_method="HMAC-SHA1", oauth_consumer_key="9FiUHtNX16o6CMYdSybDOjQGl", oauth_token="1139468082957545473-drQIwb6TeQOzH1eWBOgTSaD1dgMl3u", oauth_signature="JwqBdNi6ktaN%2Bw6Tpoit0atV820%3D"'}
DEBUG:requests_oauthlib.oauth1_auth:Updated body: None
DEBUG:urllib3.connectionpool:Starting new HTTPS connection (1): api.twitter.com:443
DEBUG:urllib3.connectionpool:https://api.twitter.com:443 "GET /1.1/statuses/mentions_timeline.json?since_id=1 HTTP/1.1" 200 60400
DEBUG:tweepy.binder:PARAMS: {'create': b'True'}
DEBUG:tweepy.binder:PARAMS: {}
DEBUG:requests_oauthlib.oauth1_auth:Signing request <PreparedRequest [GET]> using client <Client client_key=9FiUHtNX16o6CMYdSybDOjQGl, client_secret=****, resource_owner_key=1139468082957545473-drQIwb6TeQOzH1eWBOgTSaD1dgMl3u, resource_owner_secret=****, signature_method=HMAC-SHA1, signature_type=AUTH_HEADER, callback_uri=None, rsa_key=None, verifier=None, realm=None, encoding=utf-8, decoding=None, nonce=None, timestamp=None>
DEBUG:requests_oauthlib.oauth1_auth:Including body in call to sign: False
DEBUG:oauthlib.oauth1.rfc5849:Collected params: [('oauth_nonce', '80620787513202822141592802482'), ('oauth_timestamp', '1592802482'), ('oauth_version', '1.0'), ('oauth_signature_method', 'HMAC-SHA1'), ('oauth_consumer_key', '9FiUHtNX16o6CMYdSybDOjQGl'), ('oauth_token', '1139468082957545473-drQIwb6TeQOzH1eWBOgTSaD1dgMl3u')]
DEBUG:oauthlib.oauth1.rfc5849:Normalized params: oauth_consumer_key=9FiUHtNX16o6CMYdSybDOjQGl&oauth_nonce=80620787513202822141592802482&oauth_signature_method=HMAC-SHA1&oauth_timestamp=1592802482&oauth_token=1139468082957545473-drQIwb6TeQOzH1eWBOgTSaD1dgMl3u&oauth_version=1.0
DEBUG:oauthlib.oauth1.rfc5849:Normalized URI: https://api.twitter.com/1.1/account/verify_credentials.json
DEBUG:oauthlib.oauth1.rfc5849:Signing: signature base string: GET&https%3A%2F%2Fapi.twitter.com%2F1.1%2Faccount%2Fverify_credentials.json&oauth_consumer_key%3D9FiUHtNX16o6CMYdSybDOjQGl%26oauth_nonce%3D80620787513202822141592802482%26oauth_signature_method%3DHMAC-SHA1%26oauth_timestamp%3D1592802482%26oauth_token%3D1139468082957545473-drQIwb6TeQOzH1eWBOgTSaD1dgMl3u%26oauth_version%3D1.0
DEBUG:oauthlib.oauth1.rfc5849:Signature: kahJxbrRzWSafrfhwEQb0IM7hsM=
DEBUG:requests_oauthlib.oauth1_auth:Updated url: https://api.twitter.com/1.1/account/verify_credentials.json
DEBUG:requests_oauthlib.oauth1_auth:Updated headers: {'Host': 'api.twitter.com', 'Authorization': 'OAuth oauth_nonce="80620787513202822141592802482", oauth_timestamp="1592802482", oauth_version="1.0", oauth_signature_method="HMAC-SHA1", oauth_consumer_key="9FiUHtNX16o6CMYdSybDOjQGl", oauth_token="1139468082957545473-drQIwb6TeQOzH1eWBOgTSaD1dgMl3u", oauth_signature="kahJxbrRzWSafrfhwEQb0IM7hsM%3D"'}
DEBUG:requests_oauthlib.oauth1_auth:Updated body: None
DEBUG:urllib3.connectionpool:Starting new HTTPS connection (1): api.twitter.com:443
DEBUG:urllib3.connectionpool:https://api.twitter.com:443 "GET /1.1/account/verify_credentials.json HTTP/1.1" 200 2314
INFO:root:API created
INFO:root:Retrieving mentions
DEBUG:tweepy.binder:PARAMS: {'since_id': b'1'}
DEBUG:requests_oauthlib.oauth1_auth:Signing request <PreparedRequest [GET]> using client <Client client_key=9FiUHtNX16o6CMYdSybDOjQGl, client_secret=****, resource_owner_key=1139468082957545473-drQIwb6TeQOzH1eWBOgTSaD1dgMl3u, resource_owner_secret=****, signature_method=HMAC-SHA1, signature_type=AUTH_HEADER, callback_uri=None, rsa_key=None, verifier=None, realm=None, encoding=utf-8, decoding=None, nonce=None, timestamp=None>
DEBUG:requests_oauthlib.oauth1_auth:Including body in call to sign: False
DEBUG:oauthlib.oauth1.rfc5849:Collected params: [('since_id', '1'), ('oauth_nonce', '66659844858084130371592802483'), ('oauth_timestamp', '1592802483'), ('oauth_version', '1.0'), ('oauth_signature_method', 'HMAC-SHA1'), ('oauth_consumer_key', '9FiUHtNX16o6CMYdSybDOjQGl'), ('oauth_token', '1139468082957545473-drQIwb6TeQOzH1eWBOgTSaD1dgMl3u')]
DEBUG:oauthlib.oauth1.rfc5849:Normalized params: oauth_consumer_key=9FiUHtNX16o6CMYdSybDOjQGl&oauth_nonce=66659844858084130371592802483&oauth_signature_method=HMAC-SHA1&oauth_timestamp=1592802483&oauth_token=1139468082957545473-drQIwb6TeQOzH1eWBOgTSaD1dgMl3u&oauth_version=1.0&since_id=1
DEBUG:oauthlib.oauth1.rfc5849:Normalized URI: https://api.twitter.com/1.1/statuses/mentions_timeline.json
DEBUG:oauthlib.oauth1.rfc5849:Signing: signature base string: GET&https%3A%2F%2Fapi.twitter.com%2F1.1%2Fstatuses%2Fmentions_timeline.json&oauth_consumer_key%3D9FiUHtNX16o6CMYdSybDOjQGl%26oauth_nonce%3D66659844858084130371592802483%26oauth_signature_method%3DHMAC-SHA1%26oauth_timestamp%3D1592802483%26oauth_token%3D1139468082957545473-drQIwb6TeQOzH1eWBOgTSaD1dgMl3u%26oauth_version%3D1.0%26since_id%3D1
DEBUG:oauthlib.oauth1.rfc5849:Signature: XAJPQa91taABsbO+rGNVHg/ruak=
DEBUG:requests_oauthlib.oauth1_auth:Updated url: https://api.twitter.com/1.1/statuses/mentions_timeline.json?since_id=1
DEBUG:requests_oauthlib.oauth1_auth:Updated headers: {'Host': 'api.twitter.com', 'Authorization': 'OAuth oauth_nonce="66659844858084130371592802483", oauth_timestamp="1592802483", oauth_version="1.0", oauth_signature_method="HMAC-SHA1", oauth_consumer_key="9FiUHtNX16o6CMYdSybDOjQGl", oauth_token="1139468082957545473-drQIwb6TeQOzH1eWBOgTSaD1dgMl3u", oauth_signature="XAJPQa91taABsbO%2BrGNVHg%2Fruak%3D"'}
DEBUG:requests_oauthlib.oauth1_auth:Updated body: None
DEBUG:urllib3.connectionpool:Starting new HTTPS connection (1): api.twitter.com:443
DEBUG:urllib3.connectionpool:https://api.twitter.com:443 "GET /1.1/statuses/mentions_timeline.json?since_id=1 HTTP/1.1" 200 60400
DEBUG:tweepy.binder:PARAMS: {'create': b'True'}
